<?xml version="1.0" encoding="UTF-8"?>
<robot generator="Robot 6.1.1 (Python 3.11.0 on darwin)" generated="20241123 22:14:53.554" rpa="false" schemaversion="4">
<suite id="s1" name="Tests" source="/Users/kiti/JYU/ohjelmistotuotanto/ohtuvarasto_2/osa3/login-robot/src/tests">
<suite id="s1-s1" name="Login" source="/Users/kiti/JYU/ohjelmistotuotanto/ohtuvarasto_2/osa3/login-robot/src/tests/login.robot">
<test id="s1-s1-t1" name="Login With Correct Credentials" line="6">
<kw name="Create User And Input Login Command" type="SETUP">
<kw name="Create User" library="AppLibrary">
<arg>kalle</arg>
<arg>kalle123</arg>
<status status="PASS" starttime="20241123 22:14:53.570" endtime="20241123 22:14:53.570"/>
</kw>
<kw name="Input Login Command" library="resource">
<kw name="Input" library="AppLibrary">
<arg>login</arg>
<status status="PASS" starttime="20241123 22:14:53.570" endtime="20241123 22:14:53.571"/>
</kw>
<status status="PASS" starttime="20241123 22:14:53.570" endtime="20241123 22:14:53.571"/>
</kw>
<status status="PASS" starttime="20241123 22:14:53.570" endtime="20241123 22:14:53.571"/>
</kw>
<kw name="Input Credentials" library="resource">
<arg>kalle</arg>
<arg>kalle123</arg>
<kw name="Input" library="AppLibrary">
<arg>${username}</arg>
<status status="PASS" starttime="20241123 22:14:53.571" endtime="20241123 22:14:53.571"/>
</kw>
<kw name="Input" library="AppLibrary">
<arg>${password}</arg>
<status status="PASS" starttime="20241123 22:14:53.571" endtime="20241123 22:14:53.571"/>
</kw>
<kw name="Run Application" library="AppLibrary">
<status status="PASS" starttime="20241123 22:14:53.571" endtime="20241123 22:14:53.571"/>
</kw>
<status status="PASS" starttime="20241123 22:14:53.571" endtime="20241123 22:14:53.571"/>
</kw>
<kw name="Output Should Contain" library="AppLibrary">
<arg>Logged in</arg>
<status status="PASS" starttime="20241123 22:14:53.571" endtime="20241123 22:14:53.571"/>
</kw>
<status status="PASS" starttime="20241123 22:14:53.570" endtime="20241123 22:14:53.571"/>
</test>
<test id="s1-s1-t2" name="Login With Incorrect Password" line="10">
<kw name="Create User And Input Login Command" type="SETUP">
<kw name="Create User" library="AppLibrary">
<arg>kalle</arg>
<arg>kalle123</arg>
<status status="PASS" starttime="20241123 22:14:53.571" endtime="20241123 22:14:53.572"/>
</kw>
<kw name="Input Login Command" library="resource">
<kw name="Input" library="AppLibrary">
<arg>login</arg>
<status status="PASS" starttime="20241123 22:14:53.572" endtime="20241123 22:14:53.572"/>
</kw>
<status status="PASS" starttime="20241123 22:14:53.572" endtime="20241123 22:14:53.572"/>
</kw>
<status status="PASS" starttime="20241123 22:14:53.571" endtime="20241123 22:14:53.572"/>
</kw>
<kw name="Input Credentials" library="resource">
<arg>kalle</arg>
<arg>wrongpasswordt</arg>
<kw name="Input" library="AppLibrary">
<arg>${username}</arg>
<status status="PASS" starttime="20241123 22:14:53.572" endtime="20241123 22:14:53.572"/>
</kw>
<kw name="Input" library="AppLibrary">
<arg>${password}</arg>
<status status="PASS" starttime="20241123 22:14:53.572" endtime="20241123 22:14:53.572"/>
</kw>
<kw name="Run Application" library="AppLibrary">
<status status="PASS" starttime="20241123 22:14:53.572" endtime="20241123 22:14:53.572"/>
</kw>
<status status="PASS" starttime="20241123 22:14:53.572" endtime="20241123 22:14:53.572"/>
</kw>
<kw name="Output Should Contain" library="AppLibrary">
<arg>Invalid username or password</arg>
<status status="PASS" starttime="20241123 22:14:53.572" endtime="20241123 22:14:53.572"/>
</kw>
<status status="PASS" starttime="20241123 22:14:53.571" endtime="20241123 22:14:53.572"/>
</test>
<test id="s1-s1-t3" name="Login With Nonexistent Username" line="14">
<kw name="Create User And Input Login Command" type="SETUP">
<kw name="Create User" library="AppLibrary">
<arg>kalle</arg>
<arg>kalle123</arg>
<status status="PASS" starttime="20241123 22:14:53.572" endtime="20241123 22:14:53.573"/>
</kw>
<kw name="Input Login Command" library="resource">
<kw name="Input" library="AppLibrary">
<arg>login</arg>
<status status="PASS" starttime="20241123 22:14:53.573" endtime="20241123 22:14:53.573"/>
</kw>
<status status="PASS" starttime="20241123 22:14:53.573" endtime="20241123 22:14:53.573"/>
</kw>
<status status="PASS" starttime="20241123 22:14:53.572" endtime="20241123 22:14:53.573"/>
</kw>
<kw name="Input Credentials" library="resource">
<arg>kyllikki</arg>
<arg>jottain67</arg>
<kw name="Input" library="AppLibrary">
<arg>${username}</arg>
<status status="PASS" starttime="20241123 22:14:53.573" endtime="20241123 22:14:53.573"/>
</kw>
<kw name="Input" library="AppLibrary">
<arg>${password}</arg>
<status status="PASS" starttime="20241123 22:14:53.573" endtime="20241123 22:14:53.573"/>
</kw>
<kw name="Run Application" library="AppLibrary">
<status status="PASS" starttime="20241123 22:14:53.573" endtime="20241123 22:14:53.573"/>
</kw>
<status status="PASS" starttime="20241123 22:14:53.573" endtime="20241123 22:14:53.573"/>
</kw>
<kw name="Output Should Contain" library="AppLibrary">
<arg>Invalid username or password</arg>
<status status="PASS" starttime="20241123 22:14:53.573" endtime="20241123 22:14:53.573"/>
</kw>
<status status="PASS" starttime="20241123 22:14:53.572" endtime="20241123 22:14:53.573"/>
</test>
<status status="PASS" starttime="20241123 22:14:53.562" endtime="20241123 22:14:53.573"/>
</suite>
<suite id="s1-s2" name="Register" source="/Users/kiti/JYU/ohjelmistotuotanto/ohtuvarasto_2/osa3/login-robot/src/tests/register.robot">
<test id="s1-s2-t1" name="Register With Valid Username And Password" line="7">
<kw name="Input New Command And Create User">
<arg>kissat</arg>
<arg>veteleekoiraa2good</arg>
<kw name="Input New Command" library="resource">
<kw name="Input" library="AppLibrary">
<arg>new</arg>
<status status="PASS" starttime="20241123 22:14:53.575" endtime="20241123 22:14:53.575"/>
</kw>
<status status="PASS" starttime="20241123 22:14:53.575" endtime="20241123 22:14:53.575"/>
</kw>
<kw name="Input Credentials" library="resource">
<arg>${username}</arg>
<arg>${password}</arg>
<kw name="Input" library="AppLibrary">
<arg>${username}</arg>
<status status="PASS" starttime="20241123 22:14:53.575" endtime="20241123 22:14:53.575"/>
</kw>
<kw name="Input" library="AppLibrary">
<arg>${password}</arg>
<status status="PASS" starttime="20241123 22:14:53.575" endtime="20241123 22:14:53.575"/>
</kw>
<kw name="Run Application" library="AppLibrary">
<status status="PASS" starttime="20241123 22:14:53.575" endtime="20241123 22:14:53.575"/>
</kw>
<status status="PASS" starttime="20241123 22:14:53.575" endtime="20241123 22:14:53.575"/>
</kw>
<kw name="Create User" library="AppLibrary">
<arg>${username}</arg>
<arg>${password}</arg>
<msg timestamp="20241123 22:14:53.575" level="FAIL">UserError: Username already exists!</msg>
<status status="FAIL" starttime="20241123 22:14:53.575" endtime="20241123 22:14:53.576"/>
</kw>
<status status="FAIL" starttime="20241123 22:14:53.574" endtime="20241123 22:14:53.577"/>
</kw>
<kw name="Output Should Contain" library="AppLibrary">
<arg>New user registered</arg>
<status status="NOT RUN" starttime="20241123 22:14:53.577" endtime="20241123 22:14:53.577"/>
</kw>
<status status="FAIL" starttime="20241123 22:14:53.574" endtime="20241123 22:14:53.577">UserError: Username already exists!</status>
</test>
<test id="s1-s2-t2" name="Register With Already Taken Username And Valid Password" line="11">
<kw name="Input New Command And Create User">
<arg>kyllikki</arg>
<arg>kyllikinoma78</arg>
<kw name="Input New Command" library="resource">
<kw name="Input" library="AppLibrary">
<arg>new</arg>
<status status="PASS" starttime="20241123 22:14:53.577" endtime="20241123 22:14:53.577"/>
</kw>
<status status="PASS" starttime="20241123 22:14:53.577" endtime="20241123 22:14:53.577"/>
</kw>
<kw name="Input Credentials" library="resource">
<arg>${username}</arg>
<arg>${password}</arg>
<kw name="Input" library="AppLibrary">
<arg>${username}</arg>
<status status="PASS" starttime="20241123 22:14:53.577" endtime="20241123 22:14:53.577"/>
</kw>
<kw name="Input" library="AppLibrary">
<arg>${password}</arg>
<status status="PASS" starttime="20241123 22:14:53.577" endtime="20241123 22:14:53.577"/>
</kw>
<kw name="Run Application" library="AppLibrary">
<status status="PASS" starttime="20241123 22:14:53.577" endtime="20241123 22:14:53.578"/>
</kw>
<status status="PASS" starttime="20241123 22:14:53.577" endtime="20241123 22:14:53.578"/>
</kw>
<kw name="Create User" library="AppLibrary">
<arg>${username}</arg>
<arg>${password}</arg>
<msg timestamp="20241123 22:14:53.578" level="FAIL">UserError: Username already exists!</msg>
<status status="FAIL" starttime="20241123 22:14:53.578" endtime="20241123 22:14:53.578"/>
</kw>
<status status="FAIL" starttime="20241123 22:14:53.577" endtime="20241123 22:14:53.578"/>
</kw>
<kw name="Output Should Contain" library="AppLibrary">
<arg>UserError: Username already exists!</arg>
<status status="NOT RUN" starttime="20241123 22:14:53.578" endtime="20241123 22:14:53.578"/>
</kw>
<status status="FAIL" starttime="20241123 22:14:53.577" endtime="20241123 22:14:53.578">UserError: Username already exists!</status>
</test>
<test id="s1-s2-t3" name="Register With Too Short Username And Valid Password" line="17">
<kw name="Input New Command And Create User">
<arg>aa</arg>
<arg>validpassword123</arg>
<kw name="Input New Command" library="resource">
<kw name="Input" library="AppLibrary">
<arg>new</arg>
<status status="PASS" starttime="20241123 22:14:53.578" endtime="20241123 22:14:53.578"/>
</kw>
<status status="PASS" starttime="20241123 22:14:53.578" endtime="20241123 22:14:53.578"/>
</kw>
<kw name="Input Credentials" library="resource">
<arg>${username}</arg>
<arg>${password}</arg>
<kw name="Input" library="AppLibrary">
<arg>${username}</arg>
<status status="PASS" starttime="20241123 22:14:53.578" endtime="20241123 22:14:53.579"/>
</kw>
<kw name="Input" library="AppLibrary">
<arg>${password}</arg>
<status status="PASS" starttime="20241123 22:14:53.579" endtime="20241123 22:14:53.579"/>
</kw>
<kw name="Run Application" library="AppLibrary">
<status status="PASS" starttime="20241123 22:14:53.579" endtime="20241123 22:14:53.579"/>
</kw>
<status status="PASS" starttime="20241123 22:14:53.578" endtime="20241123 22:14:53.579"/>
</kw>
<kw name="Create User" library="AppLibrary">
<arg>${username}</arg>
<arg>${password}</arg>
<msg timestamp="20241123 22:14:53.579" level="FAIL">UserInputError: Username must be at least 3 characters and letter to a-z</msg>
<status status="FAIL" starttime="20241123 22:14:53.579" endtime="20241123 22:14:53.579"/>
</kw>
<status status="FAIL" starttime="20241123 22:14:53.578" endtime="20241123 22:14:53.579"/>
</kw>
<kw name="Output Should Contain" library="AppLibrary">
<arg>UserInputError: Username must be at least 3 characters and letter to a-z</arg>
<status status="NOT RUN" starttime="20241123 22:14:53.579" endtime="20241123 22:14:53.579"/>
</kw>
<status status="FAIL" starttime="20241123 22:14:53.578" endtime="20241123 22:14:53.579">UserInputError: Username must be at least 3 characters and letter to a-z</status>
</test>
<test id="s1-s2-t4" name="Register With Invalid Username (Special Characters)" line="22">
<kw name="Input New Command And Create User">
<arg>invalid!username</arg>
<arg>validpassword123</arg>
<kw name="Input New Command" library="resource">
<kw name="Input" library="AppLibrary">
<arg>new</arg>
<status status="PASS" starttime="20241123 22:14:53.579" endtime="20241123 22:14:53.579"/>
</kw>
<status status="PASS" starttime="20241123 22:14:53.579" endtime="20241123 22:14:53.579"/>
</kw>
<kw name="Input Credentials" library="resource">
<arg>${username}</arg>
<arg>${password}</arg>
<kw name="Input" library="AppLibrary">
<arg>${username}</arg>
<status status="PASS" starttime="20241123 22:14:53.579" endtime="20241123 22:14:53.579"/>
</kw>
<kw name="Input" library="AppLibrary">
<arg>${password}</arg>
<status status="PASS" starttime="20241123 22:14:53.579" endtime="20241123 22:14:53.579"/>
</kw>
<kw name="Run Application" library="AppLibrary">
<status status="PASS" starttime="20241123 22:14:53.580" endtime="20241123 22:14:53.580"/>
</kw>
<status status="PASS" starttime="20241123 22:14:53.579" endtime="20241123 22:14:53.580"/>
</kw>
<kw name="Create User" library="AppLibrary">
<arg>${username}</arg>
<arg>${password}</arg>
<msg timestamp="20241123 22:14:53.580" level="FAIL">UserInputError: Username must be at least 3 characters and letter to a-z</msg>
<status status="FAIL" starttime="20241123 22:14:53.580" endtime="20241123 22:14:53.580"/>
</kw>
<status status="FAIL" starttime="20241123 22:14:53.579" endtime="20241123 22:14:53.580"/>
</kw>
<kw name="Output Should Contain" library="AppLibrary">
<arg>Invalid username format!</arg>
<status status="NOT RUN" starttime="20241123 22:14:53.580" endtime="20241123 22:14:53.580"/>
</kw>
<status status="FAIL" starttime="20241123 22:14:53.579" endtime="20241123 22:14:53.580">UserInputError: Username must be at least 3 characters and letter to a-z</status>
</test>
<test id="s1-s2-t5" name="Register With Valid Username And Too Short Password" line="27">
<kw name="Input New Command And Create User">
<arg>validuser</arg>
<arg>short</arg>
<kw name="Input New Command" library="resource">
<kw name="Input" library="AppLibrary">
<arg>new</arg>
<status status="PASS" starttime="20241123 22:14:53.580" endtime="20241123 22:14:53.580"/>
</kw>
<status status="PASS" starttime="20241123 22:14:53.580" endtime="20241123 22:14:53.580"/>
</kw>
<kw name="Input Credentials" library="resource">
<arg>${username}</arg>
<arg>${password}</arg>
<kw name="Input" library="AppLibrary">
<arg>${username}</arg>
<status status="PASS" starttime="20241123 22:14:53.580" endtime="20241123 22:14:53.580"/>
</kw>
<kw name="Input" library="AppLibrary">
<arg>${password}</arg>
<status status="PASS" starttime="20241123 22:14:53.580" endtime="20241123 22:14:53.580"/>
</kw>
<kw name="Run Application" library="AppLibrary">
<status status="PASS" starttime="20241123 22:14:53.580" endtime="20241123 22:14:53.581"/>
</kw>
<status status="PASS" starttime="20241123 22:14:53.580" endtime="20241123 22:14:53.581"/>
</kw>
<kw name="Create User" library="AppLibrary">
<arg>${username}</arg>
<arg>${password}</arg>
<msg timestamp="20241123 22:14:53.581" level="FAIL">PasswordInputError: Too short!</msg>
<status status="FAIL" starttime="20241123 22:14:53.581" endtime="20241123 22:14:53.581"/>
</kw>
<status status="FAIL" starttime="20241123 22:14:53.580" endtime="20241123 22:14:53.581"/>
</kw>
<kw name="Output Should Contain" library="AppLibrary">
<arg>PasswordInputError: Too short!</arg>
<status status="NOT RUN" starttime="20241123 22:14:53.581" endtime="20241123 22:14:53.581"/>
</kw>
<status status="FAIL" starttime="20241123 22:14:53.580" endtime="20241123 22:14:53.581">PasswordInputError: Too short!</status>
</test>
<test id="s1-s2-t6" name="Register With Valid Username And Letters Only Password" line="32">
<kw name="Input New Command And Create User">
<arg>validuseri</arg>
<arg>StrongPassword</arg>
<kw name="Input New Command" library="resource">
<kw name="Input" library="AppLibrary">
<arg>new</arg>
<status status="PASS" starttime="20241123 22:14:53.581" endtime="20241123 22:14:53.581"/>
</kw>
<status status="PASS" starttime="20241123 22:14:53.581" endtime="20241123 22:14:53.581"/>
</kw>
<kw name="Input Credentials" library="resource">
<arg>${username}</arg>
<arg>${password}</arg>
<kw name="Input" library="AppLibrary">
<arg>${username}</arg>
<status status="PASS" starttime="20241123 22:14:53.581" endtime="20241123 22:14:53.581"/>
</kw>
<kw name="Input" library="AppLibrary">
<arg>${password}</arg>
<status status="PASS" starttime="20241123 22:14:53.581" endtime="20241123 22:14:53.581"/>
</kw>
<kw name="Run Application" library="AppLibrary">
<status status="PASS" starttime="20241123 22:14:53.581" endtime="20241123 22:14:53.581"/>
</kw>
<status status="PASS" starttime="20241123 22:14:53.581" endtime="20241123 22:14:53.581"/>
</kw>
<kw name="Create User" library="AppLibrary">
<arg>${username}</arg>
<arg>${password}</arg>
<msg timestamp="20241123 22:14:53.582" level="FAIL">UserError: Username already exists!</msg>
<status status="FAIL" starttime="20241123 22:14:53.582" endtime="20241123 22:14:53.582"/>
</kw>
<status status="FAIL" starttime="20241123 22:14:53.581" endtime="20241123 22:14:53.582"/>
</kw>
<kw name="Output Should Contain" library="AppLibrary">
<arg>New user registered</arg>
<status status="NOT RUN" starttime="20241123 22:14:53.582" endtime="20241123 22:14:53.582"/>
</kw>
<status status="FAIL" starttime="20241123 22:14:53.581" endtime="20241123 22:14:53.582">UserError: Username already exists!</status>
</test>
<status status="FAIL" starttime="20241123 22:14:53.573" endtime="20241123 22:14:53.582"/>
</suite>
<status status="FAIL" starttime="20241123 22:14:53.555" endtime="20241123 22:14:53.582"/>
</suite>
<statistics>
<total>
<stat pass="3" fail="6" skip="0">All Tests</stat>
</total>
<tag>
</tag>
<suite>
<stat pass="3" fail="6" skip="0" id="s1" name="Tests">Tests</stat>
<stat pass="3" fail="0" skip="0" id="s1-s1" name="Login">Tests.Login</stat>
<stat pass="0" fail="6" skip="0" id="s1-s2" name="Register">Tests.Register</stat>
</suite>
</statistics>
<errors>
<msg timestamp="20241123 22:14:53.563" level="ERROR">Error in file '/Users/kiti/JYU/ohjelmistotuotanto/ohtuvarasto_2/osa3/login-robot/src/tests/resource.robot' on line 3: Setting 'Test Setup' is not allowed in resource file.</msg>
</errors>
</robot>
