<?xml version="1.0" encoding="UTF-8"?>
<robot generator="Robot 6.1.1 (Python 3.11.0 on darwin)" generated="20241125 17:06:37.837" rpa="false" schemaversion="4">
<suite id="s1" name="Tests" source="/Users/kiti/JYU/ohjelmistotuotanto/ohtuvarasto_2/osa3/login-robot/src/tests">
<suite id="s1-s1" name="Login" source="/Users/kiti/JYU/ohjelmistotuotanto/ohtuvarasto_2/osa3/login-robot/src/tests/login.robot">
<test id="s1-s1-t1" name="Login With Correct Credentials" line="6">
<kw name="Create User And Input Login Command" type="SETUP">
<kw name="Create User" library="AppLibrary">
<arg>kalle</arg>
<arg>kalle1236</arg>
<status status="PASS" starttime="20241125 17:06:37.852" endtime="20241125 17:06:37.852"/>
</kw>
<kw name="Input Login Command" library="resource">
<kw name="Input" library="AppLibrary">
<arg>login</arg>
<status status="PASS" starttime="20241125 17:06:37.852" endtime="20241125 17:06:37.852"/>
</kw>
<status status="PASS" starttime="20241125 17:06:37.852" endtime="20241125 17:06:37.852"/>
</kw>
<status status="PASS" starttime="20241125 17:06:37.852" endtime="20241125 17:06:37.852"/>
</kw>
<kw name="Input Credentials" library="resource">
<arg>kalle</arg>
<arg>kalle1236</arg>
<kw name="Input" library="AppLibrary">
<arg>${username}</arg>
<status status="PASS" starttime="20241125 17:06:37.852" endtime="20241125 17:06:37.852"/>
</kw>
<kw name="Input" library="AppLibrary">
<arg>${password}</arg>
<status status="PASS" starttime="20241125 17:06:37.852" endtime="20241125 17:06:37.852"/>
</kw>
<kw name="Run Application" library="AppLibrary">
<status status="PASS" starttime="20241125 17:06:37.853" endtime="20241125 17:06:37.853"/>
</kw>
<status status="PASS" starttime="20241125 17:06:37.852" endtime="20241125 17:06:37.853"/>
</kw>
<kw name="Output Should Contain" library="AppLibrary">
<arg>Logged in</arg>
<status status="PASS" starttime="20241125 17:06:37.853" endtime="20241125 17:06:37.853"/>
</kw>
<status status="PASS" starttime="20241125 17:06:37.851" endtime="20241125 17:06:37.853"/>
</test>
<test id="s1-s1-t2" name="Login With Incorrect Password" line="10">
<kw name="Create User And Input Login Command" type="SETUP">
<kw name="Create User" library="AppLibrary">
<arg>kalle</arg>
<arg>kalle1236</arg>
<status status="PASS" starttime="20241125 17:06:37.853" endtime="20241125 17:06:37.853"/>
</kw>
<kw name="Input Login Command" library="resource">
<kw name="Input" library="AppLibrary">
<arg>login</arg>
<status status="PASS" starttime="20241125 17:06:37.853" endtime="20241125 17:06:37.853"/>
</kw>
<status status="PASS" starttime="20241125 17:06:37.853" endtime="20241125 17:06:37.853"/>
</kw>
<status status="PASS" starttime="20241125 17:06:37.853" endtime="20241125 17:06:37.853"/>
</kw>
<kw name="Input Credentials" library="resource">
<arg>kalle</arg>
<arg>wrongpasswordt</arg>
<kw name="Input" library="AppLibrary">
<arg>${username}</arg>
<status status="PASS" starttime="20241125 17:06:37.853" endtime="20241125 17:06:37.853"/>
</kw>
<kw name="Input" library="AppLibrary">
<arg>${password}</arg>
<status status="PASS" starttime="20241125 17:06:37.853" endtime="20241125 17:06:37.853"/>
</kw>
<kw name="Run Application" library="AppLibrary">
<status status="PASS" starttime="20241125 17:06:37.853" endtime="20241125 17:06:37.853"/>
</kw>
<status status="PASS" starttime="20241125 17:06:37.853" endtime="20241125 17:06:37.853"/>
</kw>
<kw name="Output Should Contain" library="AppLibrary">
<arg>Invalid username or password</arg>
<status status="PASS" starttime="20241125 17:06:37.853" endtime="20241125 17:06:37.853"/>
</kw>
<status status="PASS" starttime="20241125 17:06:37.853" endtime="20241125 17:06:37.854"/>
</test>
<test id="s1-s1-t3" name="Login With Nonexistent Username" line="14">
<kw name="Create User And Input Login Command" type="SETUP">
<kw name="Create User" library="AppLibrary">
<arg>kalle</arg>
<arg>kalle1236</arg>
<status status="PASS" starttime="20241125 17:06:37.854" endtime="20241125 17:06:37.854"/>
</kw>
<kw name="Input Login Command" library="resource">
<kw name="Input" library="AppLibrary">
<arg>login</arg>
<status status="PASS" starttime="20241125 17:06:37.854" endtime="20241125 17:06:37.854"/>
</kw>
<status status="PASS" starttime="20241125 17:06:37.854" endtime="20241125 17:06:37.854"/>
</kw>
<status status="PASS" starttime="20241125 17:06:37.854" endtime="20241125 17:06:37.854"/>
</kw>
<kw name="Input Credentials" library="resource">
<arg>kyllikki</arg>
<arg>jottain67</arg>
<kw name="Input" library="AppLibrary">
<arg>${username}</arg>
<status status="PASS" starttime="20241125 17:06:37.854" endtime="20241125 17:06:37.854"/>
</kw>
<kw name="Input" library="AppLibrary">
<arg>${password}</arg>
<status status="PASS" starttime="20241125 17:06:37.854" endtime="20241125 17:06:37.854"/>
</kw>
<kw name="Run Application" library="AppLibrary">
<status status="PASS" starttime="20241125 17:06:37.854" endtime="20241125 17:06:37.854"/>
</kw>
<status status="PASS" starttime="20241125 17:06:37.854" endtime="20241125 17:06:37.854"/>
</kw>
<kw name="Output Should Contain" library="AppLibrary">
<arg>Invalid username or password</arg>
<status status="PASS" starttime="20241125 17:06:37.854" endtime="20241125 17:06:37.854"/>
</kw>
<status status="PASS" starttime="20241125 17:06:37.854" endtime="20241125 17:06:37.854"/>
</test>
<status status="PASS" starttime="20241125 17:06:37.846" endtime="20241125 17:06:37.854"/>
</suite>
<suite id="s1-s2" name="Register" source="/Users/kiti/JYU/ohjelmistotuotanto/ohtuvarasto_2/osa3/login-robot/src/tests/register.robot">
<test id="s1-s2-t1" name="Register With Valid Username And Password" line="6">
<kw name="Input New Command And Create User" type="SETUP">
<arg>jottainkin</arg>
<arg>98998kiiu</arg>
<kw name="Input New Command" library="resource">
<kw name="Input" library="AppLibrary">
<arg>new</arg>
<status status="PASS" starttime="20241125 17:06:37.856" endtime="20241125 17:06:37.856"/>
</kw>
<status status="PASS" starttime="20241125 17:06:37.856" endtime="20241125 17:06:37.856"/>
</kw>
<kw name="Input Credentials" library="resource">
<arg>${username}</arg>
<arg>${password}</arg>
<kw name="Input" library="AppLibrary">
<arg>${username}</arg>
<status status="PASS" starttime="20241125 17:06:37.856" endtime="20241125 17:06:37.856"/>
</kw>
<kw name="Input" library="AppLibrary">
<arg>${password}</arg>
<status status="PASS" starttime="20241125 17:06:37.856" endtime="20241125 17:06:37.856"/>
</kw>
<kw name="Run Application" library="AppLibrary">
<status status="PASS" starttime="20241125 17:06:37.856" endtime="20241125 17:06:37.856"/>
</kw>
<status status="PASS" starttime="20241125 17:06:37.856" endtime="20241125 17:06:37.856"/>
</kw>
<status status="PASS" starttime="20241125 17:06:37.856" endtime="20241125 17:06:37.856"/>
</kw>
<kw name="Input New Command And Create User">
<arg>huhheliiini</arg>
<arg>veteleekoiraakuonoon6</arg>
<kw name="Input New Command" library="resource">
<kw name="Input" library="AppLibrary">
<arg>new</arg>
<status status="PASS" starttime="20241125 17:06:37.856" endtime="20241125 17:06:37.856"/>
</kw>
<status status="PASS" starttime="20241125 17:06:37.856" endtime="20241125 17:06:37.856"/>
</kw>
<kw name="Input Credentials" library="resource">
<arg>${username}</arg>
<arg>${password}</arg>
<kw name="Input" library="AppLibrary">
<arg>${username}</arg>
<status status="PASS" starttime="20241125 17:06:37.857" endtime="20241125 17:06:37.857"/>
</kw>
<kw name="Input" library="AppLibrary">
<arg>${password}</arg>
<status status="PASS" starttime="20241125 17:06:37.857" endtime="20241125 17:06:37.857"/>
</kw>
<kw name="Run Application" library="AppLibrary">
<status status="PASS" starttime="20241125 17:06:37.857" endtime="20241125 17:06:37.857"/>
</kw>
<status status="PASS" starttime="20241125 17:06:37.856" endtime="20241125 17:06:37.857"/>
</kw>
<status status="PASS" starttime="20241125 17:06:37.856" endtime="20241125 17:06:37.857"/>
</kw>
<kw name="Create User" library="AppLibrary">
<arg>huhheliini</arg>
<arg>veteleekoiraakuonoon6</arg>
<status status="PASS" starttime="20241125 17:06:37.857" endtime="20241125 17:06:37.857"/>
</kw>
<kw name="Output Should Contain" library="AppLibrary">
<arg>New user registered</arg>
<status status="PASS" starttime="20241125 17:06:37.857" endtime="20241125 17:06:37.857"/>
</kw>
<status status="PASS" starttime="20241125 17:06:37.855" endtime="20241125 17:06:37.857"/>
</test>
<test id="s1-s2-t2" name="Register With Already Taken Username And Valid Password" line="11">
<kw name="Input New Command And Create User" type="SETUP">
<arg>jottainkin</arg>
<arg>98998kiiu</arg>
<kw name="Input New Command" library="resource">
<kw name="Input" library="AppLibrary">
<arg>new</arg>
<status status="PASS" starttime="20241125 17:06:37.857" endtime="20241125 17:06:37.857"/>
</kw>
<status status="PASS" starttime="20241125 17:06:37.857" endtime="20241125 17:06:37.857"/>
</kw>
<kw name="Input Credentials" library="resource">
<arg>${username}</arg>
<arg>${password}</arg>
<kw name="Input" library="AppLibrary">
<arg>${username}</arg>
<status status="PASS" starttime="20241125 17:06:37.858" endtime="20241125 17:06:37.858"/>
</kw>
<kw name="Input" library="AppLibrary">
<arg>${password}</arg>
<status status="PASS" starttime="20241125 17:06:37.858" endtime="20241125 17:06:37.858"/>
</kw>
<kw name="Run Application" library="AppLibrary">
<status status="PASS" starttime="20241125 17:06:37.858" endtime="20241125 17:06:37.858"/>
</kw>
<status status="PASS" starttime="20241125 17:06:37.857" endtime="20241125 17:06:37.858"/>
</kw>
<status status="PASS" starttime="20241125 17:06:37.857" endtime="20241125 17:06:37.858"/>
</kw>
<kw name="Input New Command And Create User">
<arg>kyllikkhirvi</arg>
<arg>kyllikinoma78</arg>
<kw name="Input New Command" library="resource">
<kw name="Input" library="AppLibrary">
<arg>new</arg>
<status status="PASS" starttime="20241125 17:06:37.858" endtime="20241125 17:06:37.858"/>
</kw>
<status status="PASS" starttime="20241125 17:06:37.858" endtime="20241125 17:06:37.858"/>
</kw>
<kw name="Input Credentials" library="resource">
<arg>${username}</arg>
<arg>${password}</arg>
<kw name="Input" library="AppLibrary">
<arg>${username}</arg>
<status status="PASS" starttime="20241125 17:06:37.858" endtime="20241125 17:06:37.858"/>
</kw>
<kw name="Input" library="AppLibrary">
<arg>${password}</arg>
<status status="PASS" starttime="20241125 17:06:37.858" endtime="20241125 17:06:37.858"/>
</kw>
<kw name="Run Application" library="AppLibrary">
<status status="PASS" starttime="20241125 17:06:37.858" endtime="20241125 17:06:37.858"/>
</kw>
<status status="PASS" starttime="20241125 17:06:37.858" endtime="20241125 17:06:37.858"/>
</kw>
<status status="PASS" starttime="20241125 17:06:37.858" endtime="20241125 17:06:37.858"/>
</kw>
<kw name="Input New Command And Create User">
<arg>kyllikkhirvi</arg>
<arg>kyllikinoma78</arg>
<kw name="Input New Command" library="resource">
<kw name="Input" library="AppLibrary">
<arg>new</arg>
<status status="PASS" starttime="20241125 17:06:37.858" endtime="20241125 17:06:37.858"/>
</kw>
<status status="PASS" starttime="20241125 17:06:37.858" endtime="20241125 17:06:37.859"/>
</kw>
<kw name="Input Credentials" library="resource">
<arg>${username}</arg>
<arg>${password}</arg>
<kw name="Input" library="AppLibrary">
<arg>${username}</arg>
<status status="PASS" starttime="20241125 17:06:37.859" endtime="20241125 17:06:37.859"/>
</kw>
<kw name="Input" library="AppLibrary">
<arg>${password}</arg>
<status status="PASS" starttime="20241125 17:06:37.859" endtime="20241125 17:06:37.859"/>
</kw>
<kw name="Run Application" library="AppLibrary">
<status status="PASS" starttime="20241125 17:06:37.859" endtime="20241125 17:06:37.859"/>
</kw>
<status status="PASS" starttime="20241125 17:06:37.859" endtime="20241125 17:06:37.859"/>
</kw>
<status status="PASS" starttime="20241125 17:06:37.858" endtime="20241125 17:06:37.859"/>
</kw>
<kw name="Output Should Contain" library="AppLibrary">
<arg>UserError: Username already exists!</arg>
<status status="PASS" starttime="20241125 17:06:37.859" endtime="20241125 17:06:37.859"/>
</kw>
<doc>Yritetään luoda käyttäjä, jonka nimi on jo olemassa.</doc>
<status status="PASS" starttime="20241125 17:06:37.857" endtime="20241125 17:06:37.859"/>
</test>
<test id="s1-s2-t3" name="Register With Too Short Username And Valid Password" line="19">
<kw name="Input New Command And Create User" type="SETUP">
<arg>jottainkin</arg>
<arg>98998kiiu</arg>
<kw name="Input New Command" library="resource">
<kw name="Input" library="AppLibrary">
<arg>new</arg>
<status status="PASS" starttime="20241125 17:06:37.859" endtime="20241125 17:06:37.859"/>
</kw>
<status status="PASS" starttime="20241125 17:06:37.859" endtime="20241125 17:06:37.859"/>
</kw>
<kw name="Input Credentials" library="resource">
<arg>${username}</arg>
<arg>${password}</arg>
<kw name="Input" library="AppLibrary">
<arg>${username}</arg>
<status status="PASS" starttime="20241125 17:06:37.859" endtime="20241125 17:06:37.859"/>
</kw>
<kw name="Input" library="AppLibrary">
<arg>${password}</arg>
<status status="PASS" starttime="20241125 17:06:37.859" endtime="20241125 17:06:37.859"/>
</kw>
<kw name="Run Application" library="AppLibrary">
<status status="PASS" starttime="20241125 17:06:37.859" endtime="20241125 17:06:37.859"/>
</kw>
<status status="PASS" starttime="20241125 17:06:37.859" endtime="20241125 17:06:37.859"/>
</kw>
<status status="PASS" starttime="20241125 17:06:37.859" endtime="20241125 17:06:37.859"/>
</kw>
<kw name="Input New Command And Create User">
<arg>aa</arg>
<arg>validpassword123</arg>
<kw name="Input New Command" library="resource">
<kw name="Input" library="AppLibrary">
<arg>new</arg>
<status status="PASS" starttime="20241125 17:06:37.860" endtime="20241125 17:06:37.860"/>
</kw>
<status status="PASS" starttime="20241125 17:06:37.860" endtime="20241125 17:06:37.860"/>
</kw>
<kw name="Input Credentials" library="resource">
<arg>${username}</arg>
<arg>${password}</arg>
<kw name="Input" library="AppLibrary">
<arg>${username}</arg>
<status status="PASS" starttime="20241125 17:06:37.860" endtime="20241125 17:06:37.860"/>
</kw>
<kw name="Input" library="AppLibrary">
<arg>${password}</arg>
<status status="PASS" starttime="20241125 17:06:37.860" endtime="20241125 17:06:37.860"/>
</kw>
<kw name="Run Application" library="AppLibrary">
<status status="PASS" starttime="20241125 17:06:37.860" endtime="20241125 17:06:37.860"/>
</kw>
<status status="PASS" starttime="20241125 17:06:37.860" endtime="20241125 17:06:37.860"/>
</kw>
<status status="PASS" starttime="20241125 17:06:37.860" endtime="20241125 17:06:37.860"/>
</kw>
<kw name="Output Should Contain" library="AppLibrary">
<arg>Username must be at least 3 characters and contain only letters a-z</arg>
<status status="PASS" starttime="20241125 17:06:37.860" endtime="20241125 17:06:37.860"/>
</kw>
<status status="PASS" starttime="20241125 17:06:37.859" endtime="20241125 17:06:37.860"/>
</test>
<test id="s1-s2-t4" name="Register With Enough Long But Invalid Username And Valid Password" line="23">
<kw name="Input New Command And Create User" type="SETUP">
<arg>jottainkin</arg>
<arg>98998kiiu</arg>
<kw name="Input New Command" library="resource">
<kw name="Input" library="AppLibrary">
<arg>new</arg>
<status status="PASS" starttime="20241125 17:06:37.860" endtime="20241125 17:06:37.860"/>
</kw>
<status status="PASS" starttime="20241125 17:06:37.860" endtime="20241125 17:06:37.860"/>
</kw>
<kw name="Input Credentials" library="resource">
<arg>${username}</arg>
<arg>${password}</arg>
<kw name="Input" library="AppLibrary">
<arg>${username}</arg>
<status status="PASS" starttime="20241125 17:06:37.860" endtime="20241125 17:06:37.861"/>
</kw>
<kw name="Input" library="AppLibrary">
<arg>${password}</arg>
<status status="PASS" starttime="20241125 17:06:37.861" endtime="20241125 17:06:37.861"/>
</kw>
<kw name="Run Application" library="AppLibrary">
<status status="PASS" starttime="20241125 17:06:37.861" endtime="20241125 17:06:37.861"/>
</kw>
<status status="PASS" starttime="20241125 17:06:37.860" endtime="20241125 17:06:37.861"/>
</kw>
<status status="PASS" starttime="20241125 17:06:37.860" endtime="20241125 17:06:37.861"/>
</kw>
<kw name="Input New Command And Create User">
<arg>invalid!username</arg>
<arg>validpassword123</arg>
<kw name="Input New Command" library="resource">
<kw name="Input" library="AppLibrary">
<arg>new</arg>
<status status="PASS" starttime="20241125 17:06:37.861" endtime="20241125 17:06:37.861"/>
</kw>
<status status="PASS" starttime="20241125 17:06:37.861" endtime="20241125 17:06:37.861"/>
</kw>
<kw name="Input Credentials" library="resource">
<arg>${username}</arg>
<arg>${password}</arg>
<kw name="Input" library="AppLibrary">
<arg>${username}</arg>
<status status="PASS" starttime="20241125 17:06:37.861" endtime="20241125 17:06:37.861"/>
</kw>
<kw name="Input" library="AppLibrary">
<arg>${password}</arg>
<status status="PASS" starttime="20241125 17:06:37.861" endtime="20241125 17:06:37.861"/>
</kw>
<kw name="Run Application" library="AppLibrary">
<status status="PASS" starttime="20241125 17:06:37.861" endtime="20241125 17:06:37.861"/>
</kw>
<status status="PASS" starttime="20241125 17:06:37.861" endtime="20241125 17:06:37.861"/>
</kw>
<status status="PASS" starttime="20241125 17:06:37.861" endtime="20241125 17:06:37.861"/>
</kw>
<kw name="Output Should Contain" library="AppLibrary">
<arg>Username must be at least 3 characters and contain only letters a-z</arg>
<status status="PASS" starttime="20241125 17:06:37.861" endtime="20241125 17:06:37.861"/>
</kw>
<status status="PASS" starttime="20241125 17:06:37.860" endtime="20241125 17:06:37.861"/>
</test>
<test id="s1-s2-t5" name="Register With Valid Username And Too Short Password" line="27">
<kw name="Input New Command And Create User" type="SETUP">
<arg>jottainkin</arg>
<arg>98998kiiu</arg>
<kw name="Input New Command" library="resource">
<kw name="Input" library="AppLibrary">
<arg>new</arg>
<status status="PASS" starttime="20241125 17:06:37.862" endtime="20241125 17:06:37.862"/>
</kw>
<status status="PASS" starttime="20241125 17:06:37.862" endtime="20241125 17:06:37.862"/>
</kw>
<kw name="Input Credentials" library="resource">
<arg>${username}</arg>
<arg>${password}</arg>
<kw name="Input" library="AppLibrary">
<arg>${username}</arg>
<status status="PASS" starttime="20241125 17:06:37.862" endtime="20241125 17:06:37.862"/>
</kw>
<kw name="Input" library="AppLibrary">
<arg>${password}</arg>
<status status="PASS" starttime="20241125 17:06:37.862" endtime="20241125 17:06:37.862"/>
</kw>
<kw name="Run Application" library="AppLibrary">
<status status="PASS" starttime="20241125 17:06:37.862" endtime="20241125 17:06:37.862"/>
</kw>
<status status="PASS" starttime="20241125 17:06:37.862" endtime="20241125 17:06:37.862"/>
</kw>
<status status="PASS" starttime="20241125 17:06:37.862" endtime="20241125 17:06:37.862"/>
</kw>
<kw name="Input New Command And Create User">
<arg>validuser</arg>
<arg>short</arg>
<kw name="Input New Command" library="resource">
<kw name="Input" library="AppLibrary">
<arg>new</arg>
<status status="PASS" starttime="20241125 17:06:37.862" endtime="20241125 17:06:37.862"/>
</kw>
<status status="PASS" starttime="20241125 17:06:37.862" endtime="20241125 17:06:37.862"/>
</kw>
<kw name="Input Credentials" library="resource">
<arg>${username}</arg>
<arg>${password}</arg>
<kw name="Input" library="AppLibrary">
<arg>${username}</arg>
<status status="PASS" starttime="20241125 17:06:37.862" endtime="20241125 17:06:37.862"/>
</kw>
<kw name="Input" library="AppLibrary">
<arg>${password}</arg>
<status status="PASS" starttime="20241125 17:06:37.863" endtime="20241125 17:06:37.863"/>
</kw>
<kw name="Run Application" library="AppLibrary">
<status status="PASS" starttime="20241125 17:06:37.863" endtime="20241125 17:06:37.863"/>
</kw>
<status status="PASS" starttime="20241125 17:06:37.862" endtime="20241125 17:06:37.863"/>
</kw>
<status status="PASS" starttime="20241125 17:06:37.862" endtime="20241125 17:06:37.863"/>
</kw>
<kw name="Output Should Contain" library="AppLibrary">
<arg>Password must include characters other than letters</arg>
<status status="PASS" starttime="20241125 17:06:37.863" endtime="20241125 17:06:37.863"/>
</kw>
<status status="PASS" starttime="20241125 17:06:37.861" endtime="20241125 17:06:37.863"/>
</test>
<test id="s1-s2-t6" name="Register With Valid Username And Long Enough Password Containing Only Letters" line="31">
<kw name="Input New Command And Create User" type="SETUP">
<arg>jottainkin</arg>
<arg>98998kiiu</arg>
<kw name="Input New Command" library="resource">
<kw name="Input" library="AppLibrary">
<arg>new</arg>
<status status="PASS" starttime="20241125 17:06:37.863" endtime="20241125 17:06:37.863"/>
</kw>
<status status="PASS" starttime="20241125 17:06:37.863" endtime="20241125 17:06:37.863"/>
</kw>
<kw name="Input Credentials" library="resource">
<arg>${username}</arg>
<arg>${password}</arg>
<kw name="Input" library="AppLibrary">
<arg>${username}</arg>
<status status="PASS" starttime="20241125 17:06:37.863" endtime="20241125 17:06:37.863"/>
</kw>
<kw name="Input" library="AppLibrary">
<arg>${password}</arg>
<status status="PASS" starttime="20241125 17:06:37.863" endtime="20241125 17:06:37.863"/>
</kw>
<kw name="Run Application" library="AppLibrary">
<status status="PASS" starttime="20241125 17:06:37.863" endtime="20241125 17:06:37.863"/>
</kw>
<status status="PASS" starttime="20241125 17:06:37.863" endtime="20241125 17:06:37.863"/>
</kw>
<status status="PASS" starttime="20241125 17:06:37.863" endtime="20241125 17:06:37.863"/>
</kw>
<kw name="Input New Command And Create User">
<arg>validuserion</arg>
<arg>StrongPassword</arg>
<kw name="Input New Command" library="resource">
<kw name="Input" library="AppLibrary">
<arg>new</arg>
<status status="PASS" starttime="20241125 17:06:37.864" endtime="20241125 17:06:37.864"/>
</kw>
<status status="PASS" starttime="20241125 17:06:37.864" endtime="20241125 17:06:37.864"/>
</kw>
<kw name="Input Credentials" library="resource">
<arg>${username}</arg>
<arg>${password}</arg>
<kw name="Input" library="AppLibrary">
<arg>${username}</arg>
<status status="PASS" starttime="20241125 17:06:37.864" endtime="20241125 17:06:37.864"/>
</kw>
<kw name="Input" library="AppLibrary">
<arg>${password}</arg>
<status status="PASS" starttime="20241125 17:06:37.864" endtime="20241125 17:06:37.864"/>
</kw>
<kw name="Run Application" library="AppLibrary">
<status status="PASS" starttime="20241125 17:06:37.864" endtime="20241125 17:06:37.864"/>
</kw>
<status status="PASS" starttime="20241125 17:06:37.864" endtime="20241125 17:06:37.864"/>
</kw>
<status status="PASS" starttime="20241125 17:06:37.863" endtime="20241125 17:06:37.864"/>
</kw>
<kw name="Output Should Contain" library="AppLibrary">
<arg>New user registered</arg>
<status status="PASS" starttime="20241125 17:06:37.864" endtime="20241125 17:06:37.864"/>
</kw>
<status status="PASS" starttime="20241125 17:06:37.863" endtime="20241125 17:06:37.864"/>
</test>
<status status="PASS" starttime="20241125 17:06:37.855" endtime="20241125 17:06:37.864"/>
</suite>
<status status="PASS" starttime="20241125 17:06:37.838" endtime="20241125 17:06:37.864"/>
</suite>
<statistics>
<total>
<stat pass="9" fail="0" skip="0">All Tests</stat>
</total>
<tag>
</tag>
<suite>
<stat pass="9" fail="0" skip="0" id="s1" name="Tests">Tests</stat>
<stat pass="3" fail="0" skip="0" id="s1-s1" name="Login">Tests.Login</stat>
<stat pass="6" fail="0" skip="0" id="s1-s2" name="Register">Tests.Register</stat>
</suite>
</statistics>
<errors>
</errors>
</robot>
